<?xml version="1.0" encoding="UTF-8"?>
<testsuite name="Password_CheckerTest" tests="2" skipped="0" failures="0" errors="0" timestamp="2020-02-26T13:38:21" hostname="umuzi-admin" time="0.008">
  <properties/>
  <testcase name="passwordIsValid" classname="Password_CheckerTest" time="0.003"/>
  <testcase name="passwordIsOk" classname="Password_CheckerTest" time="0.005"/>
  <system-out><![CDATA[Password is Okay 
]]></system-out>
  <system-err><![CDATA[]]></system-err>
</testsuite>
